> Task :compileJava UP-TO-DATE
> Task :processResources UP-TO-DATE
> Task :classes UP-TO-DATE
> Task :resolveMainClassName UP-TO-DATE

> Task :bootRun

  .   ____          _            __ _ _
 /\\ / ___'_ __ _ _(_)_ __  __ _ \ \ \ \
( ( )\___ | '_ | '_| | '_ \/ _` | \ \ \ \
 \\/  ___)| |_)| | | | | || (_| |  ) ) ) )
  '  |____| .__|_| |_|_| |_\__, | / / / /
 =========|_|==============|___/=/_/_/_/

[32m :: Spring Boot :: [39m              [2m (v4.0.5)[0;39m

[2m2026-04-22T15:39:07.050+01:00[0;39m [32m INFO[0;39m [35m28770[0;39m [2m--- [ev-backend] [           main] [0;39m[36mcom.evmonitor.EvBackendApplication      [0;39m [2m:[0;39m Starting EvBackendApplication using Java 23.0.2 with PID 28770 (/Users/abhinavsharma/personal/Java World/Real-Time Ev/ev-backend/build/classes/java/main started by abhinavsharma in /Users/abhinavsharma/personal/Java World/Real-Time Ev/ev-backend)
[2m2026-04-22T15:39:07.053+01:00[0;39m [32m INFO[0;39m [35m28770[0;39m [2m--- [ev-backend] [           main] [0;39m[36mcom.evmonitor.EvBackendApplication      [0;39m [2m:[0;39m No active profile set, falling back to 1 default profile: "default"
[2m2026-04-22T15:39:08.157+01:00[0;39m [32m INFO[0;39m [35m28770[0;39m [2m--- [ev-backend] [           main] [0;39m[36m.s.d.r.c.RepositoryConfigurationDelegate[0;39m [2m:[0;39m Multiple Spring Data modules found, entering strict repository configuration mode
[2m2026-04-22T15:39:08.158+01:00[0;39m [32m INFO[0;39m [35m28770[0;39m [2m--- [ev-backend] [           main] [0;39m[36m.s.d.r.c.RepositoryConfigurationDelegate[0;39m [2m:[0;39m Bootstrapping Spring Data JPA repositories in DEFAULT mode.
[2m2026-04-22T15:39:08.329+01:00[0;39m [32m INFO[0;39m [35m28770[0;39m [2m--- [ev-backend] [           main] [0;39m[36m.s.d.r.c.RepositoryConfigurationDelegate[0;39m [2m:[0;39m Finished Spring Data repository scanning in 162 ms. Found 1 JPA repository interface.
[2m2026-04-22T15:39:08.377+01:00[0;39m [32m INFO[0;39m [35m28770[0;39m [2m--- [ev-backend] [           main] [0;39m[36m.s.d.r.c.RepositoryConfigurationDelegate[0;39m [2m:[0;39m Multiple Spring Data modules found, entering strict repository configuration mode
[2m2026-04-22T15:39:08.378+01:00[0;39m [32m INFO[0;39m [35m28770[0;39m [2m--- [ev-backend] [           main] [0;39m[36m.s.d.r.c.RepositoryConfigurationDelegate[0;39m [2m:[0;39m Bootstrapping Spring Data Redis repositories in DEFAULT mode.
[2m2026-04-22T15:39:08.398+01:00[0;39m [32m INFO[0;39m [35m28770[0;39m [2m--- [ev-backend] [           main] [0;39m[36m.RepositoryConfigurationExtensionSupport[0;39m [2m:[0;39m Spring Data Redis - Could not safely identify store assignment for repository candidate interface com.evmonitor.repository.ChargingStationRepository; If you want this repository to be a Redis repository, consider annotating your entities with one of these annotations: org.springframework.data.redis.core.RedisHash (preferred), or consider extending one of the following types with your repository: org.springframework.data.keyvalue.repository.KeyValueRepository
[2m2026-04-22T15:39:08.398+01:00[0;39m [32m INFO[0;39m [35m28770[0;39m [2m--- [ev-backend] [           main] [0;39m[36m.s.d.r.c.RepositoryConfigurationDelegate[0;39m [2m:[0;39m Finished Spring Data repository scanning in 10 ms. Found 0 Redis repository interfaces.
[2m2026-04-22T15:39:09.012+01:00[0;39m [32m INFO[0;39m [35m28770[0;39m [2m--- [ev-backend] [           main] [0;39m[36mo.s.boot.tomcat.TomcatWebServer         [0;39m [2m:[0;39m Tomcat initialized with port 8080 (http)
[2m2026-04-22T15:39:09.024+01:00[0;39m [32m INFO[0;39m [35m28770[0;39m [2m--- [ev-backend] [           main] [0;39m[36mo.apache.catalina.core.StandardService  [0;39m [2m:[0;39m Starting service [Tomcat]
[2m2026-04-22T15:39:09.024+01:00[0;39m [32m INFO[0;39m [35m28770[0;39m [2m--- [ev-backend] [           main] [0;39m[36mo.apache.catalina.core.StandardEngine   [0;39m [2m:[0;39m Starting Servlet engine: [Apache Tomcat/11.0.20]
[2m2026-04-22T15:39:09.065+01:00[0;39m [32m INFO[0;39m [35m28770[0;39m [2m--- [ev-backend] [           main] [0;39m[36mb.w.c.s.WebApplicationContextInitializer[0;39m [2m:[0;39m Root WebApplicationContext: initialization completed in 1887 ms
[2m2026-04-22T15:39:09.256+01:00[0;39m [32m INFO[0;39m [35m28770[0;39m [2m--- [ev-backend] [           main] [0;39m[36morg.hibernate.orm.jpa                   [0;39m [2m:[0;39m HHH008540: Processing PersistenceUnitInfo [name: default]
[2m2026-04-22T15:39:09.301+01:00[0;39m [32m INFO[0;39m [35m28770[0;39m [2m--- [ev-backend] [           main] [0;39m[36morg.hibernate.orm.core                  [0;39m [2m:[0;39m HHH000001: Hibernate ORM core version 7.2.7.Final
[2m2026-04-22T15:39:09.682+01:00[0;39m [32m INFO[0;39m [35m28770[0;39m [2m--- [ev-backend] [           main] [0;39m[36mo.s.o.j.p.SpringPersistenceUnitInfo     [0;39m [2m:[0;39m No LoadTimeWeaver setup: ignoring JPA class transformer
[2m2026-04-22T15:39:09.711+01:00[0;39m [32m INFO[0;39m [35m28770[0;39m [2m--- [ev-backend] [           main] [0;39m[36mcom.zaxxer.hikari.HikariDataSource      [0;39m [2m:[0;39m HikariPool-1 - Starting...
[2m2026-04-22T15:39:09.911+01:00[0;39m [32m INFO[0;39m [35m28770[0;39m [2m--- [ev-backend] [           main] [0;39m[36mcom.zaxxer.hikari.pool.HikariPool       [0;39m [2m:[0;39m HikariPool-1 - Added connection org.postgresql.jdbc.PgConnection@41b2123e
[2m2026-04-22T15:39:09.912+01:00[0;39m [32m INFO[0;39m [35m28770[0;39m [2m--- [ev-backend] [           main] [0;39m[36mcom.zaxxer.hikari.HikariDataSource      [0;39m [2m:[0;39m HikariPool-1 - Start completed.
[2m2026-04-22T15:39:10.039+01:00[0;39m [33m WARN[0;39m [35m28770[0;39m [2m--- [ev-backend] [           main] [0;39m[36morg.hibernate.orm.deprecation           [0;39m [2m:[0;39m HHH90000025: PostgreSQLDialect does not need to be specified explicitly using 'hibernate.dialect' (remove the property setting and it will be selected by default)
[2m2026-04-22T15:39:10.140+01:00[0;39m [32m INFO[0;39m [35m28770[0;39m [2m--- [ev-backend] [           main] [0;39m[36morg.hibernate.orm.connections.pooling   [0;39m [2m:[0;39m HHH10001005: Database info:
	Database JDBC URL [jdbc:postgresql://localhost:5432/ev_monitor]
	Database driver: PostgreSQL JDBC Driver
	Database dialect: PostgreSQLDialect
	Database version: 16.4
	Default catalog/schema: ev_monitor/public
	Autocommit mode: undefined/unknown
	Isolation level: READ_COMMITTED [default READ_COMMITTED]
	JDBC fetch size: none
	Pool: DataSourceConnectionProvider
	Minimum pool size: undefined/unknown
	Maximum pool size: undefined/unknown
[2m2026-04-22T15:39:12.663+01:00[0;39m [32m INFO[0;39m [35m28770[0;39m [2m--- [ev-backend] [           main] [0;39m[36morg.hibernate.orm.core                  [0;39m [2m:[0;39m HHH000489: No JTA platform available (set 'hibernate.transaction.jta.platform' to enable JTA platform integration)
[2m2026-04-22T15:39:12.711+01:00[0;39m [33m WARN[0;39m [35m28770[0;39m [2m--- [ev-backend] [           main] [0;39m[36mcom.zaxxer.hikari.pool.PoolBase         [0;39m [2m:[0;39m HikariPool-1 - Failed to validate connection org.postgresql.jdbc.PgConnection@41b2123e (This connection has been closed.). Possibly consider using a shorter maxLifetime value.
[2m2026-04-22T15:39:12.712+01:00[0;39m [33m WARN[0;39m [35m28770[0;39m [2m--- [ev-backend] [           main] [0;39m[36mcom.zaxxer.hikari.pool.PoolBase         [0;39m [2m:[0;39m HikariPool-1 - Failed to validate connection org.postgresql.jdbc.PgConnection@59d6a4d1 (This connection has been closed.). Possibly consider using a shorter maxLifetime value.
[2m2026-04-22T15:39:12.713+01:00[0;39m [33m WARN[0;39m [35m28770[0;39m [2m--- [ev-backend] [           main] [0;39m[36mcom.zaxxer.hikari.pool.PoolBase         [0;39m [2m:[0;39m HikariPool-1 - Failed to validate connection org.postgresql.jdbc.PgConnection@5b476930 (This connection has been closed.). Possibly consider using a shorter maxLifetime value.
[2m2026-04-22T15:39:12.714+01:00[0;39m [33m WARN[0;39m [35m28770[0;39m [2m--- [ev-backend] [           main] [0;39m[36mcom.zaxxer.hikari.pool.PoolBase         [0;39m [2m:[0;39m HikariPool-1 - Failed to validate connection org.postgresql.jdbc.PgConnection@18f1260 (This connection has been closed.). Possibly consider using a shorter maxLifetime value.
[2m2026-04-22T15:39:12.714+01:00[0;39m [33m WARN[0;39m [35m28770[0;39m [2m--- [ev-backend] [           main] [0;39m[36mcom.zaxxer.hikari.pool.PoolBase         [0;39m [2m:[0;39m HikariPool-1 - Failed to validate connection org.postgresql.jdbc.PgConnection@7672dd7a (This connection has been closed.). Possibly consider using a shorter maxLifetime value.
[2m2026-04-22T15:39:12.715+01:00[0;39m [33m WARN[0;39m [35m28770[0;39m [2m--- [ev-backend] [           main] [0;39m[36mcom.zaxxer.hikari.pool.PoolBase         [0;39m [2m:[0;39m HikariPool-1 - Failed to validate connection org.postgresql.jdbc.PgConnection@1aee0f49 (This connection has been closed.). Possibly consider using a shorter maxLifetime value.
[2m2026-04-22T15:39:12.715+01:00[0;39m [33m WARN[0;39m [35m28770[0;39m [2m--- [ev-backend] [           main] [0;39m[36mcom.zaxxer.hikari.pool.PoolBase         [0;39m [2m:[0;39m HikariPool-1 - Failed to validate connection org.postgresql.jdbc.PgConnection@7a80ebcd (This connection has been closed.). Possibly consider using a shorter maxLifetime value.
[2m2026-04-22T15:39:12.716+01:00[0;39m [33m WARN[0;39m [35m28770[0;39m [2m--- [ev-backend] [           main] [0;39m[36mcom.zaxxer.hikari.pool.PoolBase         [0;39m [2m:[0;39m HikariPool-1 - Failed to validate connection org.postgresql.jdbc.PgConnection@365eaef (This connection has been closed.). Possibly consider using a shorter maxLifetime value.
[2m2026-04-22T15:39:12.725+01:00[0;39m [33m WARN[0;39m [35m28770[0;39m [2m--- [ev-backend] [           main] [0;39m[36mcom.zaxxer.hikari.pool.ProxyConnection  [0;39m [2m:[0;39m HikariPool-1 - Connection org.postgresql.jdbc.PgConnection@4d6f951a marked as broken because of SQLSTATE(57P01), ErrorCode(0)

org.postgresql.util.PSQLException: FATAL: terminating connection due to administrator command
	at org.postgresql.core.v3.QueryExecutorImpl.receiveErrorResponse(QueryExecutorImpl.java:2875) ~[postgresql-42.7.10.jar:42.7.10]
	at org.postgresql.core.v3.QueryExecutorImpl.processResults(QueryExecutorImpl.java:2560) ~[postgresql-42.7.10.jar:42.7.10]
	at org.postgresql.core.v3.QueryExecutorImpl.execute(QueryExecutorImpl.java:429) ~[postgresql-42.7.10.jar:42.7.10]
	at org.postgresql.jdbc.PgStatement.executeInternal(PgStatement.java:526) ~[postgresql-42.7.10.jar:42.7.10]
	at org.postgresql.jdbc.PgStatement.execute(PgStatement.java:436) ~[postgresql-42.7.10.jar:42.7.10]
	at org.postgresql.jdbc.PgPreparedStatement.executeWithFlags(PgPreparedStatement.java:196) ~[postgresql-42.7.10.jar:42.7.10]
	at org.postgresql.jdbc.PgPreparedStatement.executeQuery(PgPreparedStatement.java:139) ~[postgresql-42.7.10.jar:42.7.10]
	at com.zaxxer.hikari.pool.ProxyPreparedStatement.executeQuery(ProxyPreparedStatement.java:52) ~[HikariCP-7.0.2.jar:na]
	at com.zaxxer.hikari.pool.HikariProxyPreparedStatement.executeQuery(HikariProxyPreparedStatement.java) ~[HikariCP-7.0.2.jar:na]
	at org.hibernate.tool.schema.extract.spi.ExtractionContext.getQueryResults(ExtractionContext.java:47) ~[hibernate-core-7.2.7.Final.jar:7.2.7.Final]
	at org.hibernate.tool.schema.extract.internal.SequenceInformationExtractorLegacyImpl.extractMetadata(SequenceInformationExtractorLegacyImpl.java:36) ~[hibernate-core-7.2.7.Final.jar:7.2.7.Final]
	at org.hibernate.tool.schema.extract.internal.DatabaseInformationImpl.initializeSequences(DatabaseInformationImpl.java:73) ~[hibernate-core-7.2.7.Final.jar:7.2.7.Final]
	at org.hibernate.tool.schema.extract.internal.DatabaseInformationImpl.<init>(DatabaseInformationImpl.java:63) ~[hibernate-core-7.2.7.Final.jar:7.2.7.Final]
	at org.hibernate.tool.schema.extract.internal.CachingDatabaseInformationImpl.<init>(CachingDatabaseInformationImpl.java:43) ~[hibernate-core-7.2.7.Final.jar:7.2.7.Final]
	at org.hibernate.tool.schema.internal.GroupedSchemaMigratorImpl.buildDatabaseInformation(GroupedSchemaMigratorImpl.java:112) ~[hibernate-core-7.2.7.Final.jar:7.2.7.Final]
	at org.hibernate.tool.schema.internal.AbstractSchemaMigrator.doMigration(AbstractSchemaMigrator.java:83) ~[hibernate-core-7.2.7.Final.jar:7.2.7.Final]
	at org.hibernate.tool.schema.spi.SchemaManagementToolCoordinator.performDatabaseAction(SchemaManagementToolCoordinator.java:269) ~[hibernate-core-7.2.7.Final.jar:7.2.7.Final]
	at org.hibernate.tool.schema.spi.SchemaManagementToolCoordinator.lambda$process$1(SchemaManagementToolCoordinator.java:101) ~[hibernate-core-7.2.7.Final.jar:7.2.7.Final]
	at java.base/java.util.HashMap.forEach(HashMap.java:1430) ~[na:na]
	at org.hibernate.tool.schema.spi.SchemaManagementToolCoordinator.process(SchemaManagementToolCoordinator.java:100) ~[hibernate-core-7.2.7.Final.jar:7.2.7.Final]
	at org.hibernate.boot.internal.SessionFactoryObserverForSchemaExport.sessionFactoryCreated(SessionFactoryObserverForSchemaExport.java:35) ~[hibernate-core-7.2.7.Final.jar:7.2.7.Final]
	at org.hibernate.internal.SessionFactoryObserverChain.sessionFactoryCreated(SessionFactoryObserverChain.java:33) ~[hibernate-core-7.2.7.Final.jar:7.2.7.Final]
	at org.hibernate.internal.SessionFactoryImpl.<init>(SessionFactoryImpl.java:323) ~[hibernate-core-7.2.7.Final.jar:7.2.7.Final]
	at org.hibernate.internal.SessionFactoryRegistry.instantiateSessionFactory(SessionFactoryRegistry.java:64) ~[hibernate-core-7.2.7.Final.jar:7.2.7.Final]
	at org.hibernate.boot.internal.SessionFactoryBuilderImpl.build(SessionFactoryBuilderImpl.java:437) ~[hibernate-core-7.2.7.Final.jar:7.2.7.Final]
	at org.hibernate.jpa.boot.internal.EntityManagerFactoryBuilderImpl.build(EntityManagerFactoryBuilderImpl.java:1456) ~[hibernate-core-7.2.7.Final.jar:7.2.7.Final]
	at org.springframework.orm.jpa.vendor.SpringHibernateJpaPersistenceProvider.createContainerEntityManagerFactory(SpringHibernateJpaPersistenceProvider.java:93) ~[spring-orm-7.0.6.jar:7.0.6]
	at org.springframework.orm.jpa.LocalContainerEntityManagerFactoryBean.createNativeEntityManagerFactory(LocalContainerEntityManagerFactoryBean.java:443) ~[spring-orm-7.0.6.jar:7.0.6]
	at org.springframework.orm.jpa.AbstractEntityManagerFactoryBean.buildNativeEntityManagerFactory(AbstractEntityManagerFactoryBean.java:436) ~[spring-orm-7.0.6.jar:7.0.6]
	at org.springframework.orm.jpa.AbstractEntityManagerFactoryBean.afterPropertiesSet(AbstractEntityManagerFactoryBean.java:411) ~[spring-orm-7.0.6.jar:7.0.6]
	at org.springframework.orm.jpa.LocalContainerEntityManagerFactoryBean.afterPropertiesSet(LocalContainerEntityManagerFactoryBean.java:419) ~[spring-orm-7.0.6.jar:7.0.6]
	at org.springframework.beans.factory.support.AbstractAutowireCapableBeanFactory.invokeInitMethods(AbstractAutowireCapableBeanFactory.java:1864) ~[spring-beans-7.0.6.jar:7.0.6]
	at org.springframework.beans.factory.support.AbstractAutowireCapableBeanFactory.initializeBean(AbstractAutowireCapableBeanFactory.java:1813) ~[spring-beans-7.0.6.jar:7.0.6]
	at org.springframework.beans.factory.support.AbstractAutowireCapableBeanFactory.doCreateBean(AbstractAutowireCapableBeanFactory.java:603) ~[spring-beans-7.0.6.jar:7.0.6]
	at org.springframework.beans.factory.support.AbstractAutowireCapableBeanFactory.createBean(AbstractAutowireCapableBeanFactory.java:525) ~[spring-beans-7.0.6.jar:7.0.6]
	at org.springframework.beans.factory.support.AbstractBeanFactory.lambda$doGetBean$0(AbstractBeanFactory.java:333) ~[spring-beans-7.0.6.jar:7.0.6]
	at org.springframework.beans.factory.support.DefaultSingletonBeanRegistry.getSingleton(DefaultSingletonBeanRegistry.java:371) ~[spring-beans-7.0.6.jar:7.0.6]
	at org.springframework.beans.factory.support.AbstractBeanFactory.doGetBean(AbstractBeanFactory.java:331) ~[spring-beans-7.0.6.jar:7.0.6]
	at org.springframework.beans.factory.support.AbstractBeanFactory.getBean(AbstractBeanFactory.java:201) ~[spring-beans-7.0.6.jar:7.0.6]
	at org.springframework.context.support.AbstractApplicationContext.finishBeanFactoryInitialization(AbstractApplicationContext.java:977) ~[spring-context-7.0.6.jar:7.0.6]
	at org.springframework.context.support.AbstractApplicationContext.refresh(AbstractApplicationContext.java:621) ~[spring-context-7.0.6.jar:7.0.6]
	at org.springframework.boot.web.server.servlet.context.ServletWebServerApplicationContext.refresh(ServletWebServerApplicationContext.java:143) ~[spring-boot-web-server-4.0.5.jar:4.0.5]
	at org.springframework.boot.SpringApplication.refresh(SpringApplication.java:756) ~[spring-boot-4.0.5.jar:4.0.5]
	at org.springframework.boot.SpringApplication.refreshContext(SpringApplication.java:445) ~[spring-boot-4.0.5.jar:4.0.5]
	at org.springframework.boot.SpringApplication.run(SpringApplication.java:321) ~[spring-boot-4.0.5.jar:4.0.5]
	at org.springframework.boot.SpringApplication.run(SpringApplication.java:1365) ~[spring-boot-4.0.5.jar:4.0.5]
	at org.springframework.boot.SpringApplication.run(SpringApplication.java:1354) ~[spring-boot-4.0.5.jar:4.0.5]
	at com.evmonitor.EvBackendApplication.main(EvBackendApplication.java:12) ~[main/:na]

[2m2026-04-22T15:39:12.750+01:00[0;39m [33m WARN[0;39m [35m28770[0;39m [2m--- [ev-backend] [           main] [0;39m[36morg.hibernate.orm.jdbc.error            [0;39m [2m:[0;39m HHH000247: ErrorCode: 0, SQLState: 57P01
[2m2026-04-22T15:39:12.750+01:00[0;39m [33m WARN[0;39m [35m28770[0;39m [2m--- [ev-backend] [           main] [0;39m[36morg.hibernate.orm.jdbc.error            [0;39m [2m:[0;39m FATAL: terminating connection due to administrator command
[2m2026-04-22T15:39:12.750+01:00[0;39m [33m WARN[0;39m [35m28770[0;39m [2m--- [ev-backend] [           main] [0;39m[36morg.hibernate.orm.jdbc.error            [0;39m [2m:[0;39m HHH000247: ErrorCode: 0, SQLState: 57P01
[2m2026-04-22T15:39:12.750+01:00[0;39m [33m WARN[0;39m [35m28770[0;39m [2m--- [ev-backend] [           main] [0;39m[36morg.hibernate.orm.jdbc.error            [0;39m [2m:[0;39m FATAL: terminating connection due to administrator command
[2m2026-04-22T15:39:12.760+01:00[0;39m [31mERROR[0;39m [35m28770[0;39m [2m--- [ev-backend] [           main] [0;39m[36mj.LocalContainerEntityManagerFactoryBean[0;39m [2m:[0;39m Failed to initialize JPA EntityManagerFactory: Unable to build Hibernate SessionFactory  [persistence unit: default] ; nested exception is org.hibernate.exception.GenericJDBCException: Unable to build DatabaseInformation [FATAL: terminating connection due to administrator command] [n/a]
[2m2026-04-22T15:39:12.762+01:00[0;39m [33m WARN[0;39m [35m28770[0;39m [2m--- [ev-backend] [           main] [0;39m[36mConfigServletWebServerApplicationContext[0;39m [2m:[0;39m Exception encountered during context initialization - cancelling refresh attempt: org.springframework.beans.factory.BeanCreationException: Error creating bean with name 'entityManagerFactory' defined in class path resource [org/springframework/boot/hibernate/autoconfigure/HibernateJpaConfiguration.class]: Unable to build Hibernate SessionFactory  [persistence unit: default] ; nested exception is org.hibernate.exception.GenericJDBCException: Unable to build DatabaseInformation [FATAL: terminating connection due to administrator command] [n/a]
[2m2026-04-22T15:39:12.762+01:00[0;39m [32m INFO[0;39m [35m28770[0;39m [2m--- [ev-backend] [           main] [0;39m[36mcom.zaxxer.hikari.HikariDataSource      [0;39m [2m:[0;39m HikariPool-1 - Shutdown initiated...
[2m2026-04-22T15:39:12.795+01:00[0;39m [32m INFO[0;39m [35m28770[0;39m [2m--- [ev-backend] [           main] [0;39m[36mcom.zaxxer.hikari.HikariDataSource      [0;39m [2m:[0;39m HikariPool-1 - Shutdown completed.
[2m2026-04-22T15:39:12.816+01:00[0;39m [32m INFO[0;39m [35m28770[0;39m [2m--- [ev-backend] [           main] [0;39m[36mo.apache.catalina.core.StandardService  [0;39m [2m:[0;39m Stopping service [Tomcat]
[2m2026-04-22T15:39:12.956+01:00[0;39m [32m INFO[0;39m [35m28770[0;39m [2m--- [ev-backend] [           main] [0;39m[36m.s.b.a.l.ConditionEvaluationReportLogger[0;39m [2m:[0;39m 

Error starting ApplicationContext. To display the condition evaluation report re-run your application with 'debug' enabled.
[2m2026-04-22T15:39:13.056+01:00[0;39m [31mERROR[0;39m [35m28770[0;39m [2m--- [ev-backend] [           main] [0;39m[36mo.s.boot.SpringApplication              [0;39m [2m:[0;39m Application run failed

org.springframework.beans.factory.BeanCreationException: Error creating bean with name 'entityManagerFactory' defined in class path resource [org/springframework/boot/hibernate/autoconfigure/HibernateJpaConfiguration.class]: Unable to build Hibernate SessionFactory  [persistence unit: default] ; nested exception is org.hibernate.exception.GenericJDBCException: Unable to build DatabaseInformation [FATAL: terminating connection due to administrator command] [n/a]
	at org.springframework.beans.factory.support.AbstractAutowireCapableBeanFactory.initializeBean(AbstractAutowireCapableBeanFactory.java:1817) ~[spring-beans-7.0.6.jar:7.0.6]
	at org.springframework.beans.factory.support.AbstractAutowireCapableBeanFactory.doCreateBean(AbstractAutowireCapableBeanFactory.java:603) ~[spring-beans-7.0.6.jar:7.0.6]
	at org.springframework.beans.factory.support.AbstractAutowireCapableBeanFactory.createBean(AbstractAutowireCapableBeanFactory.java:525) ~[spring-beans-7.0.6.jar:7.0.6]
	at org.springframework.beans.factory.support.AbstractBeanFactory.lambda$doGetBean$0(AbstractBeanFactory.java:333) ~[spring-beans-7.0.6.jar:7.0.6]
	at org.springframework.beans.factory.support.DefaultSingletonBeanRegistry.getSingleton(DefaultSingletonBeanRegistry.java:371) ~[spring-beans-7.0.6.jar:7.0.6]
	at org.springframework.beans.factory.support.AbstractBeanFactory.doGetBean(AbstractBeanFactory.java:331) ~[spring-beans-7.0.6.jar:7.0.6]
	at org.springframework.beans.factory.support.AbstractBeanFactory.getBean(AbstractBeanFactory.java:201) ~[spring-beans-7.0.6.jar:7.0.6]
	at org.springframework.context.support.AbstractApplicationContext.finishBeanFactoryInitialization(AbstractApplicationContext.java:977) ~[spring-context-7.0.6.jar:7.0.6]
	at org.springframework.context.support.AbstractApplicationContext.refresh(AbstractApplicationContext.java:621) ~[spring-context-7.0.6.jar:7.0.6]
	at org.springframework.boot.web.server.servlet.context.ServletWebServerApplicationContext.refresh(ServletWebServerApplicationContext.java:143) ~[spring-boot-web-server-4.0.5.jar:4.0.5]
	at org.springframework.boot.SpringApplication.refresh(SpringApplication.java:756) ~[spring-boot-4.0.5.jar:4.0.5]
	at org.springframework.boot.SpringApplication.refreshContext(SpringApplication.java:445) ~[spring-boot-4.0.5.jar:4.0.5]
	at org.springframework.boot.SpringApplication.run(SpringApplication.java:321) ~[spring-boot-4.0.5.jar:4.0.5]
	at org.springframework.boot.SpringApplication.run(SpringApplication.java:1365) ~[spring-boot-4.0.5.jar:4.0.5]
	at org.springframework.boot.SpringApplication.run(SpringApplication.java:1354) ~[spring-boot-4.0.5.jar:4.0.5]
	at com.evmonitor.EvBackendApplication.main(EvBackendApplication.java:12) ~[main/:na]
Caused by: jakarta.persistence.PersistenceException: Unable to build Hibernate SessionFactory  [persistence unit: default] ; nested exception is org.hibernate.exception.GenericJDBCException: Unable to build DatabaseInformation [FATAL: terminating connection due to administrator command] [n/a]
	at org.springframework.orm.jpa.AbstractEntityManagerFactoryBean.buildNativeEntityManagerFactory(AbstractEntityManagerFactoryBean.java:448) ~[spring-orm-7.0.6.jar:7.0.6]
	at org.springframework.orm.jpa.AbstractEntityManagerFactoryBean.afterPropertiesSet(AbstractEntityManagerFactoryBean.java:411) ~[spring-orm-7.0.6.jar:7.0.6]
	at org.springframework.orm.jpa.LocalContainerEntityManagerFactoryBean.afterPropertiesSet(LocalContainerEntityManagerFactoryBean.java:419) ~[spring-orm-7.0.6.jar:7.0.6]
	at org.springframework.beans.factory.support.AbstractAutowireCapableBeanFactory.invokeInitMethods(AbstractAutowireCapableBeanFactory.java:1864) ~[spring-beans-7.0.6.jar:7.0.6]
	at org.springframework.beans.factory.support.AbstractAutowireCapableBeanFactory.initializeBean(AbstractAutowireCapableBeanFactory.java:1813) ~[spring-beans-7.0.6.jar:7.0.6]
	... 15 common frames omitted
Caused by: org.hibernate.exception.GenericJDBCException: Unable to build DatabaseInformation [FATAL: terminating connection due to administrator command] [n/a]
	at org.hibernate.exception.internal.StandardSQLExceptionConverter.convert(StandardSQLExceptionConverter.java:39) ~[hibernate-core-7.2.7.Final.jar:7.2.7.Final]
	at org.hibernate.engine.jdbc.spi.SqlExceptionHelper.convert(SqlExceptionHelper.java:115) ~[hibernate-core-7.2.7.Final.jar:7.2.7.Final]
	at org.hibernate.engine.jdbc.spi.SqlExceptionHelper.convert(SqlExceptionHelper.java:101) ~[hibernate-core-7.2.7.Final.jar:7.2.7.Final]
	at org.hibernate.tool.schema.internal.GroupedSchemaMigratorImpl.buildDatabaseInformation(GroupedSchemaMigratorImpl.java:122) ~[hibernate-core-7.2.7.Final.jar:7.2.7.Final]
	at org.hibernate.tool.schema.internal.AbstractSchemaMigrator.doMigration(AbstractSchemaMigrator.java:83) ~[hibernate-core-7.2.7.Final.jar:7.2.7.Final]
	at org.hibernate.tool.schema.spi.SchemaManagementToolCoordinator.performDatabaseAction(SchemaManagementToolCoordinator.java:269) ~[hibernate-core-7.2.7.Final.jar:7.2.7.Final]
	at org.hibernate.tool.schema.spi.SchemaManagementToolCoordinator.lambda$process$1(SchemaManagementToolCoordinator.java:101) ~[hibernate-core-7.2.7.Final.jar:7.2.7.Final]
	at java.base/java.util.HashMap.forEach(HashMap.java:1430) ~[na:na]
	at org.hibernate.tool.schema.spi.SchemaManagementToolCoordinator.process(SchemaManagementToolCoordinator.java:100) ~[hibernate-core-7.2.7.Final.jar:7.2.7.Final]
	at org.hibernate.boot.internal.SessionFactoryObserverForSchemaExport.sessionFactoryCreated(SessionFactoryObserverForSchemaExport.java:35) ~[hibernate-core-7.2.7.Final.jar:7.2.7.Final]
	at org.hibernate.internal.SessionFactoryObserverChain.sessionFactoryCreated(SessionFactoryObserverChain.java:33) ~[hibernate-core-7.2.7.Final.jar:7.2.7.Final]
	at org.hibernate.internal.SessionFactoryImpl.<init>(SessionFactoryImpl.java:323) ~[hibernate-core-7.2.7.Final.jar:7.2.7.Final]
	at org.hibernate.internal.SessionFactoryRegistry.instantiateSessionFactory(SessionFactoryRegistry.java:64) ~[hibernate-core-7.2.7.Final.jar:7.2.7.Final]
	at org.hibernate.boot.internal.SessionFactoryBuilderImpl.build(SessionFactoryBuilderImpl.java:437) ~[hibernate-core-7.2.7.Final.jar:7.2.7.Final]
	at org.hibernate.jpa.boot.internal.EntityManagerFactoryBuilderImpl.build(EntityManagerFactoryBuilderImpl.java:1456) ~[hibernate-core-7.2.7.Final.jar:7.2.7.Final]
	at org.springframework.orm.jpa.vendor.SpringHibernateJpaPersistenceProvider.createContainerEntityManagerFactory(SpringHibernateJpaPersistenceProvider.java:93) ~[spring-orm-7.0.6.jar:7.0.6]
	at org.springframework.orm.jpa.LocalContainerEntityManagerFactoryBean.createNativeEntityManagerFactory(LocalContainerEntityManagerFactoryBean.java:443) ~[spring-orm-7.0.6.jar:7.0.6]
	at org.springframework.orm.jpa.AbstractEntityManagerFactoryBean.buildNativeEntityManagerFactory(AbstractEntityManagerFactoryBean.java:436) ~[spring-orm-7.0.6.jar:7.0.6]
	... 19 common frames omitted
Caused by: org.postgresql.util.PSQLException: FATAL: terminating connection due to administrator command
	at org.postgresql.core.v3.QueryExecutorImpl.receiveErrorResponse(QueryExecutorImpl.java:2875) ~[postgresql-42.7.10.jar:42.7.10]
	at org.postgresql.core.v3.QueryExecutorImpl.processResults(QueryExecutorImpl.java:2560) ~[postgresql-42.7.10.jar:42.7.10]
	at org.postgresql.core.v3.QueryExecutorImpl.execute(QueryExecutorImpl.java:429) ~[postgresql-42.7.10.jar:42.7.10]
	at org.postgresql.jdbc.PgStatement.executeInternal(PgStatement.java:526) ~[postgresql-42.7.10.jar:42.7.10]
	at org.postgresql.jdbc.PgStatement.execute(PgStatement.java:436) ~[postgresql-42.7.10.jar:42.7.10]
	at org.postgresql.jdbc.PgPreparedStatement.executeWithFlags(PgPreparedStatement.java:196) ~[postgresql-42.7.10.jar:42.7.10]
	at org.postgresql.jdbc.PgPreparedStatement.executeQuery(PgPreparedStatement.java:139) ~[postgresql-42.7.10.jar:42.7.10]
	at com.zaxxer.hikari.pool.ProxyPreparedStatement.executeQuery(ProxyPreparedStatement.java:52) ~[HikariCP-7.0.2.jar:na]
	at com.zaxxer.hikari.pool.HikariProxyPreparedStatement.executeQuery(HikariProxyPreparedStatement.java) ~[HikariCP-7.0.2.jar:na]
	at org.hibernate.tool.schema.extract.spi.ExtractionContext.getQueryResults(ExtractionContext.java:47) ~[hibernate-core-7.2.7.Final.jar:7.2.7.Final]
	at org.hibernate.tool.schema.extract.internal.SequenceInformationExtractorLegacyImpl.extractMetadata(SequenceInformationExtractorLegacyImpl.java:36) ~[hibernate-core-7.2.7.Final.jar:7.2.7.Final]
	at org.hibernate.tool.schema.extract.internal.DatabaseInformationImpl.initializeSequences(DatabaseInformationImpl.java:73) ~[hibernate-core-7.2.7.Final.jar:7.2.7.Final]
	at org.hibernate.tool.schema.extract.internal.DatabaseInformationImpl.<init>(DatabaseInformationImpl.java:63) ~[hibernate-core-7.2.7.Final.jar:7.2.7.Final]
	at org.hibernate.tool.schema.extract.internal.CachingDatabaseInformationImpl.<init>(CachingDatabaseInformationImpl.java:43) ~[hibernate-core-7.2.7.Final.jar:7.2.7.Final]
	at org.hibernate.tool.schema.internal.GroupedSchemaMigratorImpl.buildDatabaseInformation(GroupedSchemaMigratorImpl.java:112) ~[hibernate-core-7.2.7.Final.jar:7.2.7.Final]
	... 33 common frames omitted


> Task :bootRun FAILED

FAILURE: Build failed with an exception.

* What went wrong:
Execution failed for task ':bootRun'.
> Process 'command '/opt/homebrew/Cellar/openjdk/23.0.2/libexec/openjdk.jdk/Contents/Home/bin/java'' finished with non-zero exit value 1

* Try:
> Run with --stacktrace option to get the stack trace.
> Run with --info or --debug option to get more log output.
> Run with --scan to get full insights from a Build Scan (powered by Develocity).
> Get more help at https://help.gradle.org.

BUILD FAILED in 11s
4 actionable tasks: 1 executed, 3 up-to-date
